<?xml version="1.0" encoding="UTF-8"?>
<coverage generated="1743955858111" clover="3.2.0">
  <project timestamp="1743955858111" name="All files">
    <metrics statements="20" coveredstatements="20" conditionals="2" coveredconditionals="2" methods="10" coveredmethods="10" elements="32" coveredelements="32" complexity="0" loc="20" ncloc="20" packages="1" files="1" classes="1"/>
    <file name="SimulationForm.jsx" path="/Users/robertkornblum/Desktop/projects/retirement_planner/app/javascript/components/SimulationForm.jsx">
      <metrics statements="20" coveredstatements="20" conditionals="2" coveredconditionals="2" methods="10" coveredmethods="10"/>
      <line num="3" count="1" type="stmt"/>
      <line num="4" count="16" type="stmt"/>
      <line num="5" count="16" type="stmt"/>
      <line num="6" count="16" type="stmt"/>
      <line num="7" count="16" type="stmt"/>
      <line num="8" count="16" type="stmt"/>
      <line num="9" count="16" type="stmt"/>
      <line num="11" count="16" type="stmt"/>
      <line num="12" count="2" type="stmt"/>
      <line num="14" count="2" type="stmt"/>
      <line num="22" count="2" type="stmt"/>
      <line num="27" count="1" type="stmt"/>
      <line num="28" count="1" type="stmt"/>
      <line num="29" count="1" type="stmt"/>
      <line num="32" count="16" type="stmt"/>
      <line num="42" count="3" type="stmt"/>
      <line num="51" count="2" type="stmt"/>
      <line num="61" count="2" type="stmt"/>
      <line num="71" count="2" type="stmt"/>
      <line num="80" count="2" type="stmt"/>
    </file>
  </project>
</coverage>
