{"/Users/robertkornblum/Desktop/projects/retirement_planner/app/javascript/components/SimulationForm.jsx": {"path":"/Users/robertkornblum/Desktop/projects/retirement_planner/app/javascript/components/SimulationForm.jsx","statementMap":{"0":{"start":{"line":3,"column":23},"end":{"line":93,"column":1}},"1":{"start":{"line":4,"column":52},"end":{"line":4,"column":64}},"2":{"start":{"line":5,"column":54},"end":{"line":5,"column":66}},"3":{"start":{"line":6,"column":46},"end":{"line":6,"column":58}},"4":{"start":{"line":7,"column":38},"end":{"line":7,"column":50}},"5":{"start":{"line":8,"column":50},"end":{"line":8,"column":62}},"6":{"start":{"line":9,"column":32},"end":{"line":9,"column":46}},"7":{"start":{"line":11,"column":23},"end":{"line":30,"column":3}},"8":{"start":{"line":12,"column":4},"end":{"line":12,"column":23}},"9":{"start":{"line":14,"column":20},"end":{"line":20,"column":5}},"10":{"start":{"line":22,"column":4},"end":{"line":29,"column":56}},"11":{"start":{"line":27,"column":26},"end":{"line":27,"column":41}},"12":{"start":{"line":28,"column":22},"end":{"line":28,"column":38}},"13":{"start":{"line":29,"column":24},"end":{"line":29,"column":54}},"14":{"start":{"line":32,"column":2},"end":{"line":92,"column":4}},"15":{"start":{"line":42,"column":29},"end":{"line":42,"column":65}},"16":{"start":{"line":51,"column":29},"end":{"line":51,"column":66}},"17":{"start":{"line":61,"column":29},"end":{"line":61,"column":62}},"18":{"start":{"line":71,"column":29},"end":{"line":71,"column":58}},"19":{"start":{"line":80,"column":29},"end":{"line":80,"column":64}}},"fnMap":{"0":{"name":"(anonymous_0)","decl":{"start":{"line":3,"column":23},"end":{"line":3,"column":24}},"loc":{"start":{"line":3,"column":29},"end":{"line":93,"column":1}},"line":3},"1":{"name":"(anonymous_1)","decl":{"start":{"line":11,"column":23},"end":{"line":11,"column":24}},"loc":{"start":{"line":11,"column":30},"end":{"line":30,"column":3}},"line":11},"2":{"name":"(anonymous_2)","decl":{"start":{"line":27,"column":12},"end":{"line":27,"column":13}},"loc":{"start":{"line":27,"column":26},"end":{"line":27,"column":41}},"line":27},"3":{"name":"(anonymous_3)","decl":{"start":{"line":28,"column":12},"end":{"line":28,"column":13}},"loc":{"start":{"line":28,"column":22},"end":{"line":28,"column":38}},"line":28},"4":{"name":"(anonymous_4)","decl":{"start":{"line":29,"column":13},"end":{"line":29,"column":14}},"loc":{"start":{"line":29,"column":24},"end":{"line":29,"column":54}},"line":29},"5":{"name":"(anonymous_5)","decl":{"start":{"line":42,"column":22},"end":{"line":42,"column":23}},"loc":{"start":{"line":42,"column":29},"end":{"line":42,"column":65}},"line":42},"6":{"name":"(anonymous_6)","decl":{"start":{"line":51,"column":22},"end":{"line":51,"column":23}},"loc":{"start":{"line":51,"column":29},"end":{"line":51,"column":66}},"line":51},"7":{"name":"(anonymous_7)","decl":{"start":{"line":61,"column":22},"end":{"line":61,"column":23}},"loc":{"start":{"line":61,"column":29},"end":{"line":61,"column":62}},"line":61},"8":{"name":"(anonymous_8)","decl":{"start":{"line":71,"column":22},"end":{"line":71,"column":23}},"loc":{"start":{"line":71,"column":29},"end":{"line":71,"column":58}},"line":71},"9":{"name":"(anonymous_9)","decl":{"start":{"line":80,"column":22},"end":{"line":80,"column":23}},"loc":{"start":{"line":80,"column":29},"end":{"line":80,"column":64}},"line":80}},"branchMap":{"0":{"loc":{"start":{"line":85,"column":7},"end":{"line":90,"column":7}},"type":"binary-expr","locations":[{"start":{"line":85,"column":7},"end":{"line":85,"column":14}},{"start":{"line":86,"column":8},"end":{"line":89,"column":14}}],"line":85}},"s":{"0":1,"1":16,"2":16,"3":16,"4":16,"5":16,"6":16,"7":16,"8":2,"9":2,"10":2,"11":1,"12":1,"13":1,"14":16,"15":3,"16":2,"17":2,"18":2,"19":2},"f":{"0":16,"1":2,"2":1,"3":1,"4":1,"5":3,"6":2,"7":2,"8":2,"9":2},"b":{"0":[16,1]},"_coverageSchema":"1a1c01bbd47fc00a2c39e90264f33305004495a9","hash":"03335bd971818e4d305345918a34a2c54b6e5ffd"}
}
