TN:
SF:app/javascript/components/SimulationForm.jsx
FN:3,(anonymous_0)
FN:11,(anonymous_1)
FN:27,(anonymous_2)
FN:28,(anonymous_3)
FN:29,(anonymous_4)
FN:42,(anonymous_5)
FN:51,(anonymous_6)
FN:61,(anonymous_7)
FN:71,(anonymous_8)
FN:80,(anonymous_9)
FNF:10
FNH:10
FNDA:16,(anonymous_0)
FNDA:2,(anonymous_1)
FNDA:1,(anonymous_2)
FNDA:1,(anonymous_3)
FNDA:1,(anonymous_4)
FNDA:3,(anonymous_5)
FNDA:2,(anonymous_6)
FNDA:2,(anonymous_7)
FNDA:2,(anonymous_8)
FNDA:2,(anonymous_9)
DA:3,1
DA:4,16
DA:5,16
DA:6,16
DA:7,16
DA:8,16
DA:9,16
DA:11,16
DA:12,2
DA:14,2
DA:22,2
DA:27,1
DA:28,1
DA:29,1
DA:32,16
DA:42,3
DA:51,2
DA:61,2
DA:71,2
DA:80,2
LF:20
LH:20
BRDA:85,0,0,16
BRDA:85,0,1,1
BRF:2
BRH:2
end_of_record
